[debug] [2017-12-02T22:43:15.087Z] ----------------------------------------------------------------------
[debug] [2017-12-02T22:43:15.094Z] Command:       /usr/bin/node /usr/bin/firebase serve
[debug] [2017-12-02T22:43:15.094Z] CLI Version:   3.13.1
[debug] [2017-12-02T22:43:15.094Z] Platform:      linux
[debug] [2017-12-02T22:43:15.095Z] Node Version:  v8.9.1
[debug] [2017-12-02T22:43:15.095Z] Time:          Sat Dec 02 2017 17:43:15 GMT-0500 (EST)
[debug] [2017-12-02T22:43:15.095Z] ----------------------------------------------------------------------
[debug] 
[debug] [2017-12-02T22:43:15.185Z] > command requires scopes: ["email","openid","https://www.googleapis.com/auth/cloudplatformprojects.readonly","https://www.googleapis.com/auth/firebase","https://www.googleapis.com/auth/cloud-platform"]
[debug] [2017-12-02T22:43:15.185Z] > authorizing via signed-in user
[debug] [2017-12-02T22:43:15.190Z] > refreshing access token with scopes: ["email","https://www.googleapis.com/auth/cloud-platform","https://www.googleapis.com/auth/cloudplatformprojects.readonly","https://www.googleapis.com/auth/firebase","openid"]
[debug] [2017-12-02T22:43:15.190Z] >>> HTTP REQUEST POST https://www.googleapis.com/oauth2/v3/token { refresh_token: '1/JCWI02sC8rta2ih2PLEHcDw8ONhWYaKAoi682cdVWes',
  client_id: '563584335869-fgrhgmd47bqnekij5i8b5pr03ho849e6.apps.googleusercontent.com',
  client_secret: 'j9iVZfS8kkCEFUPaAeJV0sAi',
  grant_type: 'refresh_token',
  scope: 'email https://www.googleapis.com/auth/cloud-platform https://www.googleapis.com/auth/cloudplatformprojects.readonly https://www.googleapis.com/auth/firebase openid' } 
 Sat Dec 02 2017 17:43:15 GMT-0500 (EST)
[debug] [2017-12-02T22:43:15.502Z] <<< HTTP RESPONSE 200
[debug] [2017-12-02T22:43:15.549Z] >>> HTTP REQUEST GET https://admin.firebase.com/v1/projects/templatestore-cis371  
 Sat Dec 02 2017 17:43:15 GMT-0500 (EST)
[debug] [2017-12-02T22:43:16.083Z] <<< HTTP RESPONSE 200
[debug] [2017-12-02T22:43:16.085Z] >>> HTTP REQUEST GET https://admin.firebase.com/v1/database/templatestore-cis371/tokens  
 Sat Dec 02 2017 17:43:16 GMT-0500 (EST)
[debug] [2017-12-02T22:43:16.600Z] <<< HTTP RESPONSE 200
[info] 
[info] === Serving from '/home/joel/Documents/School/Fall 2017/CIS371/WebStormProjects/TemplateStore'...
[info] 
[debug] [2017-12-02T22:43:16.605Z] >>> HTTP REQUEST GET https://cloudresourcemanager.googleapis.com/v1/projects/templatestore-cis371  
 Sat Dec 02 2017 17:43:16 GMT-0500 (EST)
[debug] [2017-12-02T22:43:17.211Z] <<< HTTP RESPONSE 200
[debug] [2017-12-02T22:43:17.212Z] >>> HTTP REQUEST GET https://mobilesdk-pa.googleapis.com/v1/projects/935012320908/clients/_:getWebAppConfig  
 Sat Dec 02 2017 17:43:17 GMT-0500 (EST)
[debug] [2017-12-02T22:43:17.825Z] <<< HTTP RESPONSE 200
[debug] [2017-12-02T22:43:17.937Z] TypeError: Cannot read property 'public' of undefined
    at Server.<anonymous> (/usr/lib/node_modules/firebase-tools/lib/serve/hosting.js:34:18)
    at Object.onceWrapper (events.js:313:30)
    at emitNone (events.js:106:13)
    at Server.emit (events.js:208:7)
    at emitListeningNT (net.js:1378:10)
    at _combinedTickCallback (internal/process/next_tick.js:135:11)
    at process._tickDomainCallback (internal/process/next_tick.js:218:9)
[error] 
[error] Error: An unexpected error has occurred.
